<?xml version="1.0" encoding="UTF-8"?>
<!-- Generated by org.testng.reporters.JUnitReportReporter -->
<testsuite skipped="0" hostname="Izhak-Amittai-PC" name="mavenTest.firstTest" tests="3" failures="0" timestamp="2020-03-01T01:17:13 IST" time="0.143" errors="0">
  <testcase name="confirmHeader" time="0.039" classname="mavenTest.firstTest"/>
  <system-out/>
  <testcase name="confirmButton" time="0.022" classname="mavenTest.firstTest"/>
  <system-out/>
  <testcase name="subscribeText" time="0.082" classname="mavenTest.firstTest"/>
  <system-out/>
</testsuite> <!-- mavenTest.firstTest -->
